1 1 1 8 0.000000 0.053816
1 1 1 8 0.000000 0.053454
1 1 1 8 0.000000 0.050478
1 1 1 8 0.000000 0.052497
1 1 1 8 0.000000 0.053932
1 1 1 512 0.000000 1.480160
1 1 1 512 0.000000 1.566968
1 1 1 512 0.000000 1.585414
1 1 1 512 0.000000 1.544152
1 1 1 512 0.000000 1.412900
1 1 1 1024 0.000000 2.125806
1 1 1 1024 0.000000 2.161218
1 1 1 1024 0.000000 2.121836
1 1 1 1024 0.000000 2.181360
1 1 1 1024 0.000000 2.133106

1 1 1 8 0.000000 0.237299
1 1 1 8 0.000000 0.051926
1 1 1 8 0.000000 0.051778
1 1 1 8 0.000000 0.051511
1 1 1 8 0.000000 0.051564
1 1 1 512 0.000000 2.263123
1 1 1 512 0.000000 2.268653
1 1 1 512 0.000000 2.236484
1 1 1 512 0.000000 2.200351
1 1 1 512 0.000000 2.420691
1 1 1 1024 0.000000 3.719944
1 1 1 1024 0.000000 3.721732
1 1 1 1024 0.000000 3.828921
1 1 1 1024 0.000000 3.720498
1 1 1 1024 0.000000 3.724476
1 1 1 8 0.000000 3.985551
1 1 1 8 0.000000 3.984432
1 1 1 8 0.000000 3.985659
1 1 1 8 0.000000 3.984367
1 1 1 8 0.000000 3.985647
1 1 1 512 0.000000 3.825283
