1 2 2 256 0.000000 0.534983
1 2 2 256 0.000000 0.537925
1 2 2 256 0.000000 0.524177
1 2 2 256 0.000000 0.512952
1 1 2 8 0.000000 0.053828
1 1 2 8 0.000000 0.052078
1 1 2 8 0.000000 0.053516
1 1 2 8 0.000000 0.052276
1 1 2 8 0.000000 3.985239
1 1 2 8 0.000000 3.985567
1 1 2 8 0.000000 3.985477
1 1 2 8 0.000000 3.981556
1 1 2 8 0.000000 3.984247
1 1 2 8 0.000000 3.980581
1 1 2 8 0.000000 3.983768
1 1 2 8 0.000000 4.095395
1 1 2 8 0.000000 3.994886
1 1 2 8 0.000000 3.996958
1 1 2 8 0.000000 3.995075
1 1 2 8 0.000000 3.988299
1 1 2 8 0.000000 3.978623
1 1 2 8 0.000000 3.986397
1 1 2 8 0.000000 3.985877
1 1 2 8 0.000000 0.193036
1 1 2 8 0.000000 0.053158
1 1 2 8 0.000000 0.050827
1 1 2 8 0.000000 3.985266
1 1 2 8 0.000000 0.051135
1 1 2 1024 0.000000 2.872628
1 1 2 1024 0.000000 4.238810
1 1 2 1024 0.000000 2.923536
1 1 2 1024 0.000000 2.883509
1 1 2 1024 0.000000 3.037930
1 1 2 1024 0.000000 2.835276
1 1 2 1024 0.000000 2.700599
1 1 2 1024 0.000000 2.840579
1 1 2 1024 0.000000 2.634721
1 1 2 1024 0.000000 2.969124
1 1 2 1024 0.000000 2.691965
